<?xml version="1.0" encoding="UTF-8"?>
<!-- Generated by org.testng.reporters.JUnitXMLReporter -->
<testsuite hostname="LAPTOP-GDT3JREG" ignored="0" name="regression1" tests="3" failures="0" timestamp="2022-05-09T15:18:52 BST" time="13.534" errors="0">
  <testcase name="aChileanComingToTheUKForWorkAndPlansOnStayingForLongerThanSixMonths" time="1.634" classname="gov.uk.check.visa.testsuite.VisaConfirmationTest"/>
  <testcase name="aColumbianNationalComingToTheUKToJoinAPartnerForALongStayTheyDoHaveAnArticle10Or20Card" time="0.966" classname="gov.uk.check.visa.testsuite.VisaConfirmationTest"/>
  <testcase name="anAustralianComingToUKForTourism" time="0.91" classname="gov.uk.check.visa.testsuite.VisaConfirmationTest"/>
</testsuite> <!-- regression1 -->
