<?xml version="1.0" encoding="UTF-8"?>
<testsuite name="regression1"
           tests="3"
           failures="0"
           errors="0"
           skipped="0"
           time="3.510">
  <properties />
  
  
            <testcase name="aChileanComingToTheUKForWorkAndPlansOnStayingForLongerThanSixMonths" time="1.634" classname="gov.uk.check.visa.testsuite.VisaConfirmationTest" />
                <testcase name="anAustralianComingToUKForTourism" time="0.910" classname="gov.uk.check.visa.testsuite.VisaConfirmationTest" />
                <testcase name="aColumbianNationalComingToTheUKToJoinAPartnerForALongStayTheyDoHaveAnArticle10Or20Card" time="0.966" classname="gov.uk.check.visa.testsuite.VisaConfirmationTest" />
      
</testsuite>
